2024-02-16T00:25:04.038Z [INFO]: Validating request body...
2024-02-16T00:25:26.819Z [INFO]: Validating request body...
2024-02-16T00:25:54.753Z [INFO]: Validating request body...
2024-02-16T00:25:54.754Z [WARN]: Request body validation failed.
2024-02-16T00:26:18.764Z [INFO]: Validating request body...
2024-02-16T00:26:18.770Z [WARN]: Request body validation failed.
2024-02-16T00:26:39.504Z [INFO]: Validating request body...
2024-02-16T00:26:39.508Z [WARN]: Request body validation failed.
2024-02-16T00:26:47.639Z [INFO]: Validating request body...
2024-02-16T00:26:47.641Z [INFO]: Inserting data...
2024-02-16T00:27:02.978Z [INFO]: Validating request body...
2024-02-16T00:27:02.980Z [INFO]: Inserting data...
2024-02-16T00:27:02.983Z [INFO]: Data inserted.
2024-02-16T00:34:20.186Z [INFO]: Validating request body...
2024-02-16T00:34:20.193Z [INFO]: Inserting data...
2024-02-16T00:35:48.268Z [INFO]: Validating request body...
2024-02-16T00:35:48.270Z [INFO]: Inserting data...
2024-02-16T00:35:48.283Z [INFO]: Data inserted.
2024-02-16T00:42:56.470Z [INFO]: Validating request body...
2024-02-16T00:42:56.471Z [INFO]: Inserting data...
2024-02-16T00:42:56.481Z [INFO]: Data inserted.
2024-02-16T00:43:17.685Z [INFO]: Validating request body...
2024-02-16T00:43:17.688Z [INFO]: Inserting data...
2024-02-16T00:43:17.693Z [INFO]: Data inserted.
2024-02-16T01:08:19.506Z [INFO]: Validating request body...
2024-02-16T01:08:19.509Z [INFO]: Inserting data...
2024-02-16T01:08:19.519Z [INFO]: Data inserted.
2024-02-16T01:08:20.744Z [INFO]: Validating request body...
2024-02-16T01:08:20.744Z [INFO]: Inserting data...
2024-02-16T01:08:20.746Z [INFO]: Data inserted.
2024-02-16T01:08:48.893Z [INFO]: Validating request body...
2024-02-16T01:08:48.895Z [INFO]: Inserting data...
2024-02-16T01:08:48.903Z [INFO]: Data inserted.
2024-02-16T01:09:09.541Z [INFO]: Validating request body...
2024-02-16T01:09:09.544Z [INFO]: Inserting data...
2024-02-16T01:09:09.550Z [INFO]: Data inserted.
2024-02-16T01:10:55.689Z [INFO]: Validating request body...
2024-02-16T01:10:55.690Z [INFO]: Inserting data...
2024-02-16T01:10:55.695Z [INFO]: Data inserted.
2024-02-16T01:11:24.922Z [INFO]: Validating request body...
2024-02-16T01:11:24.924Z [INFO]: Inserting data...
2024-02-16T01:11:24.928Z [INFO]: Data inserted.
2024-02-16T01:11:53.353Z [INFO]: Validating request body...
2024-02-16T01:11:53.359Z [INFO]: Inserting data...
2024-02-16T01:11:53.370Z [INFO]: Data inserted.
2024-02-16T01:12:26.096Z [INFO]: Validating request body...
2024-02-16T01:12:26.099Z [INFO]: Inserting data...
2024-02-16T01:12:26.103Z [INFO]: Data inserted.
2024-02-16T01:14:25.115Z [INFO]: Validating request body...
2024-02-16T01:14:25.118Z [INFO]: Inserting data...
2024-02-16T01:14:25.122Z [INFO]: Data inserted.
2024-02-16T01:14:45.759Z [INFO]: Validating request body...
2024-02-16T01:14:45.760Z [INFO]: Inserting data...
2024-02-16T01:14:45.762Z [INFO]: Data inserted.
2024-02-16T01:15:16.072Z [INFO]: Validating request body...
2024-02-16T01:15:16.074Z [INFO]: Inserting data...
2024-02-16T01:15:16.077Z [INFO]: Data inserted.
2024-02-16T01:15:40.201Z [INFO]: Validating request body...
2024-02-16T01:15:40.203Z [INFO]: Inserting data...
2024-02-16T01:15:40.217Z [INFO]: Data inserted.
2024-02-16T01:17:01.717Z [INFO]: Validating request body...
2024-02-16T01:17:01.721Z [INFO]: Inserting data...
2024-02-16T01:17:01.731Z [INFO]: Data inserted.
2024-02-16T01:20:35.581Z [INFO]: Validating request body...
2024-02-16T01:20:35.582Z [INFO]: Inserting data...
2024-02-16T01:20:35.587Z [INFO]: Data inserted.
2024-02-16T01:22:50.760Z [INFO]: Validating request body...
2024-02-16T01:22:50.765Z [INFO]: Inserting data...
2024-02-16T01:22:50.772Z [INFO]: Data inserted.
2024-02-16T01:23:04.114Z [INFO]: Validating request body...
2024-02-16T01:23:04.117Z [INFO]: Inserting data...
2024-02-16T01:23:04.123Z [INFO]: Data inserted.
2024-02-16T01:23:19.388Z [INFO]: Validating request body...
2024-02-16T01:23:19.392Z [INFO]: Inserting data...
2024-02-16T01:23:19.398Z [INFO]: Data inserted.
2024-02-16T01:24:33.377Z [INFO]: Validating request body...
2024-02-16T01:24:33.382Z [INFO]: Inserting data...
2024-02-16T01:24:33.385Z [INFO]: Data inserted.
2024-02-16T01:24:39.596Z [INFO]: Validating request body...
2024-02-16T01:24:39.598Z [INFO]: Inserting data...
2024-02-16T01:24:39.602Z [INFO]: Data inserted.
2024-02-16T01:25:35.208Z [INFO]: Validating request body...
2024-02-16T01:25:35.228Z [INFO]: Inserting data...
2024-02-16T01:25:35.239Z [INFO]: Data inserted.
2024-02-16T01:25:36.467Z [INFO]: Validating request body...
2024-02-16T01:25:36.467Z [INFO]: Inserting data...
2024-02-16T01:25:36.469Z [INFO]: Data inserted.
2024-02-16T01:25:36.990Z [INFO]: Validating request body...
2024-02-16T01:25:36.991Z [INFO]: Inserting data...
2024-02-16T01:25:36.992Z [INFO]: Data inserted.
2024-02-16T01:25:38.625Z [INFO]: Validating request body...
2024-02-16T01:25:38.625Z [INFO]: Inserting data...
2024-02-16T01:25:38.626Z [INFO]: Data inserted.
2024-02-16T01:26:19.023Z [INFO]: Validating request body...
2024-02-16T01:26:19.028Z [INFO]: Inserting data...
2024-02-16T01:26:19.035Z [INFO]: Data inserted.
2024-02-16T01:27:33.569Z [INFO]: Validating request body...
2024-02-16T01:27:33.571Z [INFO]: Inserting data...
2024-02-16T01:27:33.575Z [INFO]: Data inserted.
2024-02-16T01:28:28.851Z [INFO]: Validating request body...
2024-02-16T01:28:28.855Z [INFO]: Inserting data...
2024-02-16T01:28:28.865Z [INFO]: Data inserted.
2024-02-16T01:33:24.210Z [INFO]: Validating request body...
2024-02-16T01:33:24.214Z [INFO]: Inserting data...
2024-02-16T01:33:24.219Z [INFO]: Data inserted.
2024-02-16T01:34:12.769Z [INFO]: Validating request body...
2024-02-16T01:34:12.771Z [INFO]: Inserting data...
2024-02-16T01:34:12.775Z [INFO]: Data inserted.
2024-02-16T01:34:37.779Z [INFO]: Validating request body...
2024-02-16T01:34:37.782Z [INFO]: Inserting data...
2024-02-16T01:34:37.787Z [INFO]: Data inserted.
2024-02-16T02:40:48.776Z [INFO]: Validating request body...
2024-02-16T02:40:48.778Z [INFO]: Inserting data...
2024-02-16T02:40:48.782Z [INFO]: Data inserted.
2024-02-16T02:51:29.262Z [INFO]: Validating request body...
2024-02-16T02:51:29.265Z [INFO]: Inserting data...
2024-02-16T02:51:29.272Z [INFO]: Data inserted.
2024-02-16T03:14:38.769Z [INFO]: Deleting applicant ID NaN...
2024-02-16T03:14:54.735Z [INFO]: Deleting applicant ID 1...
2024-02-16T03:15:00.146Z [INFO]: Deleting applicant ID 3...
2024-02-16T03:15:03.529Z [INFO]: Deleting applicant ID 2...
2024-02-16T03:17:41.298Z [INFO]: Deleting applicant ID 37...
2024-02-16T03:33:50.457Z [INFO]: Deleting applicant ID 37...
2024-02-16T03:33:55.948Z [INFO]: Deleting applicant ID 4...
2024-02-16T03:34:12.113Z [INFO]: Deleting applicant ID 4...
2024-02-16T03:35:46.790Z [INFO]: Validating request body...
2024-02-16T03:35:46.791Z [INFO]: Inserting data...
2024-02-16T03:35:46.807Z [INFO]: Data inserted.
2024-02-16T03:37:46.260Z [INFO]: Deleting applicant ID 38...
2024-02-16T03:37:56.999Z [INFO]: Validating request body...
2024-02-16T03:37:57.001Z [INFO]: Inserting data...
2024-02-16T03:37:57.006Z [INFO]: Data inserted.
2024-02-16T03:37:59.867Z [INFO]: Deleting applicant ID 37...
2024-02-16T03:38:07.568Z [INFO]: Validating request body...
2024-02-16T03:38:07.568Z [INFO]: Inserting data...
2024-02-16T03:38:07.574Z [INFO]: Data inserted.
2024-02-16T03:38:18.082Z [INFO]: Deleting applicant ID 40...
2024-02-16T03:38:35.268Z [INFO]: Validating request body...
2024-02-16T03:38:35.269Z [INFO]: Inserting data...
2024-02-16T03:38:35.271Z [INFO]: Data inserted.
2024-02-16T03:38:39.099Z [INFO]: Validating request body...
2024-02-16T03:38:39.100Z [INFO]: Inserting data...
2024-02-16T03:38:39.102Z [INFO]: Data inserted.
2024-02-16T03:38:42.398Z [INFO]: Validating request body...
2024-02-16T03:38:42.399Z [INFO]: Inserting data...
2024-02-16T03:38:42.402Z [INFO]: Data inserted.
2024-02-16T03:56:26.194Z [INFO]: Deleting applicant ID 43...
2024-02-16T03:56:28.026Z [INFO]: Deleting applicant ID 42...
2024-02-16T03:56:29.909Z [INFO]: Deleting applicant ID 41...
2024-02-16T04:20:51.719Z [ERROR]: Error fetching applicants: select * from `applicants` - SQLITE_ERROR: no such table: applicants
2024-02-16T05:03:10.725Z [INFO]: Validating request body...
2024-02-16T05:03:10.735Z [INFO]: Inserting data...
2024-02-16T05:03:10.742Z [INFO]: Data inserted.
2024-02-16T05:48:06.533Z [INFO]: Setting Applicant ID 2 as primary applicant.
2024-02-16T05:48:11.435Z [INFO]: Setting Applicant ID 2 as primary applicant.
2024-02-16T05:48:12.552Z [INFO]: Setting Applicant ID 1 as primary applicant.
2024-02-16T05:48:14.288Z [INFO]: Setting Applicant ID 2 as primary applicant.
2024-02-16T05:48:55.150Z [INFO]: Setting Applicant ID 2 as primary applicant.
2024-02-16T05:49:03.222Z [INFO]: Validating request body...
2024-02-16T05:49:03.241Z [INFO]: Inserting data...
2024-02-16T05:49:03.260Z [INFO]: Data inserted.
2024-02-16T05:49:08.899Z [INFO]: Setting Applicant ID 3 as primary applicant.
2024-02-16T05:49:10.948Z [INFO]: Setting Applicant ID 1 as primary applicant.
2024-02-16T05:49:58.599Z [INFO]: Setting Applicant ID 2 as primary applicant.
2024-02-16T05:50:01.203Z [INFO]: Setting Applicant ID 1 as primary applicant.
2024-02-16T05:50:02.417Z [INFO]: Setting Applicant ID 3 as primary applicant.
2024-02-16T05:53:10.823Z [INFO]: Setting Applicant ID 2 as primary applicant.
2024-02-16T05:53:11.939Z [INFO]: Setting Applicant ID 1 as primary applicant.
2024-02-16T05:53:13.624Z [INFO]: Setting Applicant ID 3 as primary applicant.
2024-02-16T05:53:15.999Z [INFO]: Setting Applicant ID 1 as primary applicant.
2024-02-16T05:53:38.180Z [INFO]: Setting Applicant ID 3 as primary applicant.
2024-02-16T05:53:41.327Z [INFO]: Setting Applicant ID 2 as primary applicant.
2024-02-16T05:53:46.010Z [INFO]: Setting Applicant ID 3 as primary applicant.
2024-02-16T05:53:47.705Z [INFO]: Setting Applicant ID 1 as primary applicant.
2024-02-16T05:58:39.165Z [INFO]: Deleting applicant ID 3...
2024-02-16T05:58:42.858Z [INFO]: Deleting applicant ID 3...
2024-02-16T05:58:55.060Z [INFO]: Deleting applicant ID 3...
2024-02-16T05:59:19.270Z [INFO]: Deleting applicant ID 3...
2024-02-16T05:59:25.411Z [INFO]: Deleting applicant ID 3...
2024-02-16T05:59:45.653Z [INFO]: Deleting applicant ID 3...
2024-02-16T05:59:58.481Z [INFO]: Deleting applicant ID 2...
2024-02-16T06:00:42.350Z [INFO]: Deleting applicant ID 2...
2024-02-16T06:01:03.506Z [INFO]: Deleting applicant ID 1...
2024-02-16T06:01:14.741Z [INFO]: Deleting applicant ID 2...
2024-02-16T06:02:19.201Z [INFO]: Deleting applicant ID 2...
2024-02-16T06:02:37.278Z [INFO]: Deleting applicant ID 2...
2024-02-16T06:02:41.922Z [INFO]: Validating request body...
2024-02-16T06:02:41.929Z [INFO]: Inserting data...
2024-02-16T06:02:41.935Z [INFO]: Data inserted.
2024-02-16T06:02:50.453Z [INFO]: Validating request body...
2024-02-16T06:02:50.455Z [INFO]: Inserting data...
2024-02-16T06:02:50.460Z [INFO]: Data inserted.
2024-02-16T06:05:23.104Z [INFO]: Setting Applicant ID 4 as primary applicant.
2024-02-16T06:05:23.938Z [INFO]: Setting Applicant ID 1 as primary applicant.
2024-02-16T06:05:24.590Z [INFO]: Setting Applicant ID 5 as primary applicant.
2024-02-16T06:05:25.202Z [INFO]: Setting Applicant ID 4 as primary applicant.
2024-02-16T06:05:27.793Z [INFO]: Setting Applicant ID 5 as primary applicant.
2024-02-16T06:18:45.100Z [INFO]: Setting Applicant ID 4 as primary applicant.
2024-02-16T06:18:47.555Z [INFO]: Setting Applicant ID 1 as primary applicant.
2024-02-16T06:18:48.097Z [INFO]: Setting Applicant ID 5 as primary applicant.
2024-02-16T06:19:03.286Z [INFO]: Deleting applicant ID 4...
2024-02-16T06:19:57.631Z [INFO]: Validating request body...
2024-02-16T06:19:57.639Z [INFO]: Inserting data...
2024-02-16T06:19:57.649Z [INFO]: Data inserted.
2024-02-16T06:21:25.268Z [INFO]: Validating request body...
2024-02-16T06:21:25.273Z [INFO]: Inserting data...
2024-02-16T06:21:25.279Z [INFO]: Data inserted.
2024-02-16T06:35:42.118Z [INFO]: Validating request body...
2024-02-16T06:35:42.130Z [INFO]: Inserting data...
2024-02-16T06:35:42.158Z [INFO]: Data inserted.
2024-02-16T06:35:45.857Z [INFO]: Deleting applicant ID 6...
2024-02-16T06:35:47.631Z [INFO]: Setting Applicant ID 8 as primary applicant.
2024-02-16T06:35:48.717Z [INFO]: Setting Applicant ID 7 as primary applicant.
2024-02-16T06:36:10.821Z [INFO]: Setting Applicant ID 8 as primary applicant.
2024-02-16T06:36:12.020Z [INFO]: Setting Applicant ID 5 as primary applicant.
2024-02-16T06:36:16.675Z [INFO]: Deleting applicant ID 8...
2024-02-16T06:36:26.825Z [INFO]: Validating request body...
2024-02-16T06:36:26.827Z [INFO]: Inserting data...
2024-02-16T06:36:26.830Z [INFO]: Data inserted.
2024-02-16T06:37:12.298Z [INFO]: Setting Applicant ID 7 as primary applicant.
2024-02-16T06:37:13.954Z [INFO]: Setting Applicant ID 9 as primary applicant.
2024-02-16T06:37:15.003Z [INFO]: Setting Applicant ID 5 as primary applicant.
2024-02-16T06:37:15.954Z [INFO]: Setting Applicant ID 1 as primary applicant.
2024-02-16T06:37:16.936Z [INFO]: Setting Applicant ID 9 as primary applicant.
2024-02-16T06:37:19.286Z [INFO]: Setting Applicant ID 5 as primary applicant.
2024-02-16T06:37:19.837Z [INFO]: Setting Applicant ID 1 as primary applicant.
2024-02-16T06:37:20.487Z [INFO]: Setting Applicant ID 7 as primary applicant.
2024-02-16T06:37:21.438Z [INFO]: Setting Applicant ID 5 as primary applicant.
2024-02-16T06:37:22.219Z [INFO]: Setting Applicant ID 1 as primary applicant.
2024-02-16T06:37:25.026Z [INFO]: Deleting applicant ID 9...
2024-02-16T06:37:26.601Z [INFO]: Deleting applicant ID 7...
2024-02-16T06:37:28.419Z [INFO]: Deleting applicant ID 5...
2024-02-16T07:13:52.811Z [INFO]: Validating request body...
2024-02-16T07:13:52.836Z [INFO]: Inserting data...
2024-02-16T07:13:52.843Z [INFO]: Data inserted.
2024-02-16T07:13:57.315Z [INFO]: Validating request body...
2024-02-16T07:13:57.315Z [INFO]: Inserting data...
2024-02-16T07:13:57.318Z [INFO]: Data inserted.
2024-02-16T07:14:04.358Z [INFO]: Validating request body...
2024-02-16T07:14:04.360Z [INFO]: Inserting data...
2024-02-16T07:14:04.363Z [INFO]: Data inserted.
2024-02-16T07:14:09.254Z [INFO]: Validating request body...
2024-02-16T07:14:09.255Z [INFO]: Inserting data...
2024-02-16T07:14:09.257Z [INFO]: Data inserted.
2024-02-16T07:40:31.061Z [INFO]: Deleting applicant ID 10...
2024-02-16T07:40:33.406Z [INFO]: Setting Applicant ID 11 as primary applicant.
2024-02-16T07:45:27.691Z [INFO]: Setting Applicant ID 12 as primary applicant.
